<?xml version="1.0" encoding="UTF-8"?>
<!-- Generated by org.testng.reporters.JUnitReportReporter -->
<testsuite hostname="kumaresan" failures="0" tests="1" name="testngen.pageom.pageexecution.TaskRedbusExecution" time="1.018" errors="0" timestamp="17 Aug 2023 04:01:32 GMT">
  <testcase classname="testngen.pageom.pageexecution.TaskRedbusExecution" name="verifyMobileNumber" time="1.018"/>
</testsuite>
