<?xml version="1.0" encoding="UTF-8"?>
<!-- Generated by org.testng.reporters.JUnitReportReporter -->
<testsuite hostname="kumaresan" failures="0" tests="1" name="testngen.pageom.pageexecution.TaskFacebookExecution" time="0.230" errors="0" timestamp="18 Aug 2023 06:55:34 GMT">
  <testcase classname="testngen.pageom.pageexecution.TaskFacebookExecution" name="fbInputs" time="0.230"/>
</testsuite>
