<?xml version="1.0" encoding="UTF-8"?>
<!-- Generated by org.testng.reporters.JUnitReportReporter -->
<testsuite hostname="kumaresan" failures="0" tests="1" name="testngen.pageom.pageexecution.TaskDemoQAExcelExecution" time="3.179" errors="0" timestamp="18 Aug 2023 06:32:20 GMT">
  <testcase classname="testngen.pageom.pageexecution.TaskDemoQAExcelExecution" name="testDemoInputs" time="3.179"/>
</testsuite>
