<?xml version="1.0" encoding="UTF-8"?>
<!-- Generated by org.testng.reporters.JUnitReportReporter -->
<testsuite hostname="kumaresan" failures="0" tests="6" name="testngen.pageom.pageexecution.TestIOExecution" time="3.993" errors="0" timestamp="16 Aug 2023 05:23:26 GMT">
  <testcase classname="testngen.pageom.pageexecution.TestIOExecution" name="tc1" time="0.274"/>
  <testcase classname="testngen.pageom.pageexecution.TestIOExecution" name="tc1" time="0.407"/>
  <testcase classname="testngen.pageom.pageexecution.TestIOExecution" name="tc1" time="0.261"/>
  <testcase classname="testngen.pageom.pageexecution.TestIOExecution" name="faceBookValidate" time="2.590"/>
  <testcase classname="testngen.pageom.pageexecution.TestIOExecution" name="tc1" time="0.264"/>
  <testcase classname="testngen.pageom.pageexecution.TestIOExecution" name="submitToFb" time="0.197"/>
</testsuite>
