<?xml version="1.0" encoding="UTF-8"?>
<!-- Generated by org.testng.reporters.JUnitReportReporter -->
<testsuite hostname="kumaresan" failures="0" tests="1" name="testngen.pageom.pageexecution.TaskFlipkartLoginExecution" time="0.171" errors="0" timestamp="17 Aug 2023 02:05:44 GMT">
  <testcase classname="testngen.pageom.pageexecution.TaskFlipkartLoginExecution" name="verifyFlipMobileInput" time="0.171"/>
</testsuite>
