<?xml version="1.0" encoding="UTF-8"?>
<!-- Generated by org.testng.reporters.JUnitReportReporter -->
<testsuite hostname="kumaresan" failures="0" tests="1" name="mydata.PostmanData" time="1.016" errors="0" timestamp="18 Sep 2023 14:27:15 GMT">
  <testcase classname="mydata.PostmanData" name="get" time="1.016"/>
</testsuite>
